<?xml version="1.0" encoding="UTF-8"?>
<!-- Generated by org.testng.reporters.JUnitReportReporter -->
<testsuite hostname="DESKTOP-9IBLFN0" failures="0" tests="1" name="com.mobileAutomation.ScreenshotAppiumExample" time="0.012" errors="0" timestamp="2022-11-25T21:12:13 IST" skipped="0">
  <testcase classname="com.mobileAutomation.ScreenshotAppiumExample" name="start" time="0.012"/>
  <system-out/>
</testsuite> <!-- com.mobileAutomation.ScreenshotAppiumExample -->
