<?xml version="1.0" encoding="UTF-8"?>
<!-- Generated by org.testng.reporters.JUnitReportReporter -->
<testsuite hostname="DESKTOP-9IBLFN0" failures="0" tests="1" name="com.mobileAutomationSwiggy.Filpkart" time="359.874" errors="0" timestamp="2023-01-02T13:49:36 IST" skipped="0">
  <testcase classname="com.mobileAutomationSwiggy.Filpkart" name="starttestcase" time="359.874"/>
  <system-out/>
</testsuite> <!-- com.mobileAutomationSwiggy.Filpkart -->
