<?xml version="1.0" encoding="UTF-8"?>
<!-- Generated by org.testng.reporters.JUnitReportReporter -->
<testsuite hostname="DESKTOP-9IBLFN0" failures="0" tests="1" name="com.mobileAutomation.BasicInteraction" time="52.780" errors="0" timestamp="2022-11-21T18:25:57 IST" skipped="0">
  <testcase classname="com.mobileAutomation.BasicInteraction" name="Testcase" time="52.780"/>
  <system-out/>
</testsuite> <!-- com.mobileAutomation.BasicInteraction -->
