<?xml version="1.0" encoding="UTF-8"?>
<!-- Generated by org.testng.reporters.JUnitReportReporter -->
<testsuite hostname="DESKTOP-9IBLFN0" failures="0" tests="1" name="com.mobileAutomation.SeekBarExample" time="48.218" errors="0" timestamp="2022-11-24T16:45:39 IST" skipped="0">
  <testcase classname="com.mobileAutomation.SeekBarExample" name="SeekBaroperation" time="48.218"/>
  <system-out/>
</testsuite> <!-- com.mobileAutomation.SeekBarExample -->
