<?xml version="1.0" encoding="UTF-8"?>
<!-- Generated by org.testng.reporters.JUnitReportReporter -->
<testsuite hostname="DESKTOP-9IBLFN0" failures="0" tests="1" name="com.mobileAutomation.DifferentControlExamples" time="51.669" errors="0" timestamp="2022-11-25T13:16:45 IST" skipped="0">
  <testcase classname="com.mobileAutomation.DifferentControlExamples" name="ControlExample" time="51.669"/>
  <system-out/>
</testsuite> <!-- com.mobileAutomation.DifferentControlExamples -->
