<?xml version="1.0" encoding="UTF-8"?>
<!-- Generated by org.testng.reporters.JUnitReportReporter -->
<testsuite hostname="DESKTOP-9IBLFN0" failures="0" tests="1" name="com.mobileAutomation.BasicInteractionnew" time="46.335" errors="0" timestamp="2022-11-22T17:48:26 IST" skipped="0">
  <testcase classname="com.mobileAutomation.BasicInteractionnew" name="TestCase" time="46.335"/>
  <system-out/>
</testsuite> <!-- com.mobileAutomation.BasicInteractionnew -->
