<?xml version="1.0" encoding="UTF-8"?>
<!-- Generated by org.testng.reporters.JUnitReportReporter -->
<testsuite hostname="DESKTOP-9IBLFN0" failures="0" tests="1" name="com.mobileAutomation.launchAPKExample" time="43.669" errors="0" timestamp="2022-11-29T15:38:32 IST" skipped="0">
  <testcase classname="com.mobileAutomation.launchAPKExample" name="launchapp" time="43.669"/>
  <system-out/>
</testsuite> <!-- com.mobileAutomation.launchAPKExample -->
