<?xml version="1.0" encoding="UTF-8"?>
<!-- Generated by org.testng.reporters.JUnitReportReporter -->
<testsuite hostname="DESKTOP-9IBLFN0" failures="0" tests="1" name="com.mobileAutomation.CoordinateXYexample" time="37.702" errors="0" timestamp="2022-11-24T13:56:36 IST" skipped="0">
  <testcase classname="com.mobileAutomation.CoordinateXYexample" name="openApp" time="37.702"/>
  <system-out/>
</testsuite> <!-- com.mobileAutomation.CoordinateXYexample -->
