<?xml version="1.0" encoding="UTF-8"?>
<!-- Generated by org.testng.reporters.JUnitReportReporter -->
<testsuite hostname="DESKTOP-9IBLFN0" failures="0" tests="1" name="com.mobileAutomation.FirstTestClass" time="10.221" errors="0" timestamp="2022-12-23T14:21:21 IST" skipped="0">
  <testcase classname="com.mobileAutomation.FirstTestClass" name="Testcase1" time="10.221"/>
  <system-out/>
</testsuite> <!-- com.mobileAutomation.FirstTestClass -->
