<?xml version="1.0" encoding="UTF-8"?>
<!-- Generated by org.testng.reporters.JUnitReportReporter -->
<testsuite hostname="DESKTOP-9IBLFN0" failures="0" tests="1" name="com.mobileAutomation.AlertDemo" time="36.191" errors="0" timestamp="2022-11-23T14:54:11 IST" skipped="0">
  <testcase classname="com.mobileAutomation.AlertDemo" name="alertExample" time="36.191"/>
  <system-out/>
</testsuite> <!-- com.mobileAutomation.AlertDemo -->
